Added Component: Designator=C1(CAP_1)
Added Component: Designator=C2(CAP_1)
Added Component: Designator=D1(LED_5MM)
Add component (AddParameter): Name = "PCB DECAL"; Value = "LED_0603"; VariantName = "[No Variations]"
Add component (AddParameter): Name = "Value"; Value = "BLUE"; VariantName = "[No Variations]"
Added Component: Designator=D2(LED_5MM)
Add component (AddParameter): Name = "PCB DECAL"; Value = "LED_0603"; VariantName = "[No Variations]"
Add component (AddParameter): Name = "Value"; Value = "RED"; VariantName = "[No Variations]"
Added Component: Designator=J1(sip-2)
Added Component: Designator=Q1(TO-92)
Add component (AddParameter): Name = "Manufacturer #1"; Value = ""; VariantName = "[No Variations]"
Add component (AddParameter): Name = "Manufacturer #2"; Value = "8050"; VariantName = "[No Variations]"
Add component (AddParameter): Name = "PCB DECAL"; Value = "SOT-23"; VariantName = "[No Variations]"
Add component (AddParameter): Name = "Tolerance"; Value = ""; VariantName = "[No Variations]"
Add component (AddParameter): Name = "Value"; Value = ""; VariantName = "[No Variations]"
Added Component: Designator=Q2(TO-92)
Add component (AddParameter): Name = "Manufacturer #1"; Value = ""; VariantName = "[No Variations]"
Add component (AddParameter): Name = "Manufacturer #2"; Value = "8050"; VariantName = "[No Variations]"
Add component (AddParameter): Name = "PCB DECAL"; Value = "SOT-23"; VariantName = "[No Variations]"
Add component (AddParameter): Name = "Tolerance"; Value = ""; VariantName = "[No Variations]"
Add component (AddParameter): Name = "Value"; Value = ""; VariantName = "[No Variations]"
Added Component: Designator=R1(AXIAL0.4)
Added Component: Designator=R2(AXIAL0.4)
Added Component: Designator=R3(AXIAL0.4)
Added Component: Designator=R4(AXIAL0.4)
Added Pin To Net: NetName=NetC1_1 Pin=C1-1
Added Pin To Net: NetName=NetC1_2 Pin=C1-2
Added Pin To Net: NetName=NetC2_1 Pin=C2-1
Added Pin To Net: NetName=NetC2_2 Pin=C2-2
Added Pin To Net: NetName=NetC1_2 Pin=D1-2
Added Pin To Net: NetName=NetC2_2 Pin=D2-2
Added Pin To Net: NetName=+5 Pin=J1-1
Added Pin To Net: NetName=GND Pin=J1-2
Added Pin To Net: NetName=NetC2_1 Pin=Q1-1
Added Pin To Net: NetName=GND Pin=Q1-2
Added Pin To Net: NetName=NetC1_2 Pin=Q1-3
Added Pin To Net: NetName=NetC1_1 Pin=Q2-1
Added Pin To Net: NetName=GND Pin=Q2-2
Added Pin To Net: NetName=NetC2_2 Pin=Q2-3
Added Pin To Net: NetName=NetC2_1 Pin=R1-1
Added Pin To Net: NetName=+5 Pin=R1-2
Added Pin To Net: NetName=NetC1_1 Pin=R2-1
Added Pin To Net: NetName=+5 Pin=R2-2
Added Pin To Net: NetName=+5 Pin=R3-2
Added Pin To Net: NetName=+5 Pin=R4-2
Added Pin To Net: NetName=NetD1_1 Pin=D1-1
Added Pin To Net: NetName=NetD1_1 Pin=R3-1
Added Net: Name=NetD1_1
Added Pin To Net: NetName=NetD2_1 Pin=D2-1
Added Pin To Net: NetName=NetD2_1 Pin=R4-1
Added Net: Name=NetD2_1
Added Class: Name=题目一原理图
Added Room: Name=题目一原理图
